Jun 07 14:58:25  [info] Creating canary table

Jun 07 07:58:37  [error] $Fatal Error Details = Array
(
    [callback] => Array
        (
            [0] => CRM_Core_Error
            [1] => exceptionHandler
        )

    [code] => -1
    [message] => DB Error: unknown error
    [mode] => 16
    [debug_info] => SET @@time_zone = "Europe/Berlin" [nativecode=1298 ** Unknown or incorrect time zone: 'Europe/Berlin']
    [type] => DB_Error
    [user_info] => SET @@time_zone = "Europe/Berlin" [nativecode=1298 ** Unknown or incorrect time zone: 'Europe/Berlin']
    [to_string] => [db_error: message="DB Error: unknown error" code=-1 mode=callback callback=CRM_Core_Error::exceptionHandler prefix="" info="SET @@time_zone = "Europe/Berlin" [nativecode=1298 ** Unknown or incorrect time zone: 'Europe/Berlin']"]
)


Jun 07 07:58:37  [debug] $backTrace = #0 /Applications/MAMP/htdocs/local.naua.com/wp-content/plugins/civicrm/civicrm/CRM/Core/Error.php(954): CRM_Core_Error::backtrace("backTrace", TRUE)
#1 /Applications/MAMP/htdocs/local.naua.com/wp-content/plugins/civicrm/civicrm/vendor/pear/pear-core-minimal/src/PEAR.php(945): CRM_Core_Error::exceptionHandler(Object(DB_Error))
#2 /Applications/MAMP/htdocs/local.naua.com/wp-content/plugins/civicrm/civicrm/vendor/pear/db/DB.php(997): PEAR_Error->__construct("DB Error: unknown error", -1, 16, (Array:2), "SET @@time_zone = \"Europe/Berlin\" [nativecode=1298 ** Unknown or incorrect ...")
#3 /Applications/MAMP/htdocs/local.naua.com/wp-content/plugins/civicrm/civicrm/vendor/pear/pear-core-minimal/src/PEAR.php(575): DB_Error->__construct(-1, 16, (Array:2), "SET @@time_zone = \"Europe/Berlin\" [nativecode=1298 ** Unknown or incorrect ...")
#4 /Applications/MAMP/htdocs/local.naua.com/wp-content/plugins/civicrm/civicrm/vendor/pear/pear-core-minimal/src/PEAR.php(223): PEAR::_raiseError(Object(DB_mysqli), NULL, -1, 16, (Array:2), "SET @@time_zone = \"Europe/Berlin\" [nativecode=1298 ** Unknown or incorrect ...", "DB_Error", TRUE)
#5 /Applications/MAMP/htdocs/local.naua.com/wp-content/plugins/civicrm/civicrm/vendor/pear/db/DB/common.php(1928): PEAR->__call("raiseError", (Array:7))
#6 /Applications/MAMP/htdocs/local.naua.com/wp-content/plugins/civicrm/civicrm/vendor/pear/db/DB/mysqli.php(943): DB_common->raiseError(-1, NULL, NULL, "SET @@time_zone = \"Europe/Berlin\" [nativecode=1298 ** Unknown or incorrect ...", "1298 ** Unknown or incorrect time zone: 'Europe/Berlin'")
#7 /Applications/MAMP/htdocs/local.naua.com/wp-content/plugins/civicrm/civicrm/vendor/pear/db/DB/mysqli.php(413): DB_mysqli->mysqliRaiseError()
#8 /Applications/MAMP/htdocs/local.naua.com/wp-content/plugins/civicrm/civicrm/vendor/pear/db/DB/common.php(1234): DB_mysqli->simpleQuery("SET @@time_zone = \"Europe/Berlin\"")
#9 /Applications/MAMP/htdocs/local.naua.com/wp-content/plugins/civicrm/civicrm/packages/DB/DataObject.php(2696): DB_common->query("SET @@time_zone = \"Europe/Berlin\"")
#10 /Applications/MAMP/htdocs/local.naua.com/wp-content/plugins/civicrm/civicrm/packages/DB/DataObject.php(1829): DB_DataObject->_query("SET @@time_zone = \"Europe/Berlin\"")
#11 /Applications/MAMP/htdocs/local.naua.com/wp-content/plugins/civicrm/civicrm/CRM/Core/DAO.php(494): DB_DataObject->query("SET @@time_zone = \"Europe/Berlin\"")
#12 /Applications/MAMP/htdocs/local.naua.com/wp-content/plugins/civicrm/civicrm/CRM/Core/DAO.php(1749): CRM_Core_DAO->query("SET @@time_zone = \"Europe/Berlin\"", TRUE)
#13 /Applications/MAMP/htdocs/local.naua.com/wp-content/plugins/civicrm/civicrm/CRM/Utils/Check/Component/Timestamps.php(39): CRM_Core_DAO::singleValueQuery("SET @@time_zone = \"Europe/Berlin\"")
#14 /Applications/MAMP/htdocs/local.naua.com/wp-content/plugins/civicrm/civicrm/CRM/Utils/Check/Component.php(76): CRM_Utils_Check_Component_Timestamps->checkTimezoneAPIs(FALSE)
#15 /Applications/MAMP/htdocs/local.naua.com/wp-content/plugins/civicrm/civicrm/CRM/Utils/Check.php(215): CRM_Utils_Check_Component->checkAll((Array:0), FALSE)
#16 /Applications/MAMP/htdocs/local.naua.com/wp-content/plugins/civicrm/civicrm/CRM/Utils/Check.php(185): CRM_Utils_Check::checkStatus()
#17 /Applications/MAMP/htdocs/local.naua.com/wp-content/plugins/civicrm/civicrm/CRM/Utils/Check.php(93): CRM_Utils_Check::checkAll()
#18 /Applications/MAMP/htdocs/local.naua.com/wp-content/plugins/civicrm/civicrm/CRM/Core/Page.php(255): CRM_Utils_Check->showPeriodicAlerts()
#19 /Applications/MAMP/htdocs/local.naua.com/wp-content/plugins/civicrm/civicrm/CRM/Contact/Page/DashBoard.php(57): CRM_Core_Page->run()
#20 /Applications/MAMP/htdocs/local.naua.com/wp-content/plugins/civicrm/civicrm/CRM/Core/Invoke.php(319): CRM_Contact_Page_DashBoard->run((Array:1), NULL)
#21 /Applications/MAMP/htdocs/local.naua.com/wp-content/plugins/civicrm/civicrm/CRM/Core/Invoke.php(69): CRM_Core_Invoke::runItem((Array:17))
#22 /Applications/MAMP/htdocs/local.naua.com/wp-content/plugins/civicrm/civicrm/CRM/Core/Invoke.php(36): CRM_Core_Invoke::_invoke((Array:2))
#23 /Applications/MAMP/htdocs/local.naua.com/wp-content/plugins/civicrm/civicrm.php(1199): CRM_Core_Invoke::invoke((Array:2))
#24 /Applications/MAMP/htdocs/local.naua.com/wp-includes/class-wp-hook.php(308): CiviCRM_For_WordPress->invoke("")
#25 /Applications/MAMP/htdocs/local.naua.com/wp-includes/class-wp-hook.php(332): WP_Hook->apply_filters("", (Array:1))
#26 /Applications/MAMP/htdocs/local.naua.com/wp-includes/plugin.php(517): WP_Hook->do_action((Array:1))
#27 /Applications/MAMP/htdocs/local.naua.com/wp-admin/admin.php(259): do_action("toplevel_page_CiviCRM")
#28 {main}


Jun 07 15:00:59  [debug] $backTrace = #0 /Applications/MAMP/htdocs/local.naua.com/wp-content/plugins/civicrm/civicrm/CRM/Core/Error.php(247): CRM_Core_Error::backtrace("backTrace", TRUE)
#1 /Applications/MAMP/htdocs/local.naua.com/wp-content/plugins/civicrm/civicrm/vendor/pear/pear-core-minimal/src/PEAR.php(945): CRM_Core_Error::simpleHandler(Object(DB_Error))
#2 /Applications/MAMP/htdocs/local.naua.com/wp-content/plugins/civicrm/civicrm/vendor/pear/db/DB.php(997): PEAR_Error->__construct("DB Error: no such table", -18, 16, (Array:2), "SELECT id, name, value, domain_id, contact_id, is_domain, component_id, creat...")
#3 /Applications/MAMP/htdocs/local.naua.com/wp-content/plugins/civicrm/civicrm/vendor/pear/pear-core-minimal/src/PEAR.php(575): DB_Error->__construct(-18, 16, (Array:2), "SELECT id, name, value, domain_id, contact_id, is_domain, component_id, creat...")
#4 /Applications/MAMP/htdocs/local.naua.com/wp-content/plugins/civicrm/civicrm/vendor/pear/pear-core-minimal/src/PEAR.php(223): PEAR::_raiseError(Object(DB_mysqli), NULL, -18, 16, (Array:2), "SELECT id, name, value, domain_id, contact_id, is_domain, component_id, creat...", "DB_Error", TRUE)
#5 /Applications/MAMP/htdocs/local.naua.com/wp-content/plugins/civicrm/civicrm/vendor/pear/db/DB/common.php(1928): PEAR->__call("raiseError", (Array:7))
#6 /Applications/MAMP/htdocs/local.naua.com/wp-content/plugins/civicrm/civicrm/vendor/pear/db/DB/mysqli.php(943): DB_common->raiseError(-18, NULL, NULL, "SELECT id, name, value, domain_id, contact_id, is_domain, component_id, creat...", "1146 ** Table 'naua_civicrm.civicrm_setting' doesn't exist")
#7 /Applications/MAMP/htdocs/local.naua.com/wp-content/plugins/civicrm/civicrm/vendor/pear/db/DB/mysqli.php(413): DB_mysqli->mysqliRaiseError()
#8 /Applications/MAMP/htdocs/local.naua.com/wp-content/plugins/civicrm/civicrm/vendor/pear/db/DB/common.php(1234): DB_mysqli->simpleQuery("SELECT id, name, value, domain_id, contact_id, is_domain, component_id, creat...")
#9 /Applications/MAMP/htdocs/local.naua.com/wp-content/plugins/civicrm/civicrm/packages/DB/DataObject.php(2696): DB_common->query("SELECT id, name, value, domain_id, contact_id, is_domain, component_id, creat...")
#10 /Applications/MAMP/htdocs/local.naua.com/wp-content/plugins/civicrm/civicrm/packages/DB/DataObject.php(1829): DB_DataObject->_query("SELECT id, name, value, domain_id, contact_id, is_domain, component_id, creat...")
#11 /Applications/MAMP/htdocs/local.naua.com/wp-content/plugins/civicrm/civicrm/CRM/Core/DAO.php(494): DB_DataObject->query("SELECT id, name, value, domain_id, contact_id, is_domain, component_id, creat...")
#12 /Applications/MAMP/htdocs/local.naua.com/wp-content/plugins/civicrm/civicrm/CRM/Core/DAO.php(1675): CRM_Core_DAO->query("SELECT id, name, value, domain_id, contact_id, is_domain, component_id, creat...", TRUE)
#13 /Applications/MAMP/htdocs/local.naua.com/wp-content/plugins/civicrm/civicrm/Civi/Core/SettingsBag.php(135): CRM_Core_DAO::executeQuery("SELECT id, name, value, domain_id, contact_id, is_domain, component_id, creat...")
#14 /Applications/MAMP/htdocs/local.naua.com/wp-content/plugins/civicrm/civicrm/Civi/Core/SettingsManager.php(157): Civi\Core\SettingsBag->loadValues()
#15 /Applications/MAMP/htdocs/local.naua.com/wp-content/plugins/civicrm/civicrm/Civi.php(218): Civi\Core\SettingsManager->getBagByDomain(1)
#16 /Applications/MAMP/htdocs/local.naua.com/wp-content/plugins/civicrm/civicrm/CRM/Extension/System.php(88): Civi::settings()
#17 /Applications/MAMP/htdocs/local.naua.com/wp-content/plugins/civicrm/civicrm/CRM/Extension/System.php(65): CRM_Extension_System->__construct()
#18 /Applications/MAMP/htdocs/local.naua.com/wp-content/plugins/civicrm/civicrm/Civi/Core/Container.php(635): CRM_Extension_System::singleton(TRUE)
#19 /Applications/MAMP/htdocs/local.naua.com/wp-content/plugins/civicrm/civicrm/CRM/Core/Config.php(87): Civi\Core\Container::boot(TRUE)
#20 /Applications/MAMP/htdocs/local.naua.com/wp-content/plugins/civicrm/includes/civicrm.admin.php(434): CRM_Core_Config::singleton()
#21 /Applications/MAMP/htdocs/local.naua.com/wp-content/plugins/civicrm/civicrm.php(972): CiviCRM_For_WordPress_Admin->initialize()
#22 /Applications/MAMP/htdocs/local.naua.com/wp-content/plugins/civicrm/civicrm.php(794): CiviCRM_For_WordPress->initialize()
#23 /Applications/MAMP/htdocs/local.naua.com/wp-content/plugins/civicrm/civicrm.php(767): CiviCRM_For_WordPress->register_hooks_clean_urls()
#24 /Applications/MAMP/htdocs/local.naua.com/wp-content/plugins/civicrm/civicrm.php(651): CiviCRM_For_WordPress->register_hooks_common()
#25 /Applications/MAMP/htdocs/local.naua.com/wp-includes/class-wp-hook.php(308): CiviCRM_For_WordPress->register_hooks("")
#26 /Applications/MAMP/htdocs/local.naua.com/wp-includes/class-wp-hook.php(332): WP_Hook->apply_filters(NULL, (Array:1))
#27 /Applications/MAMP/htdocs/local.naua.com/wp-includes/plugin.php(517): WP_Hook->do_action((Array:1))
#28 /Applications/MAMP/htdocs/local.naua.com/wp-settings.php(623): do_action("init")
#29 /Applications/MAMP/htdocs/local.naua.com/wp-config.php(96): require_once("/Applications/MAMP/htdocs/local.naua.com/wp-settings.php")
#30 /Applications/MAMP/htdocs/local.naua.com/wp-load.php(50): require_once("/Applications/MAMP/htdocs/local.naua.com/wp-config.php")
#31 /Applications/MAMP/htdocs/local.naua.com/wp-admin/admin-ajax.php(22): require_once("/Applications/MAMP/htdocs/local.naua.com/wp-load.php")
#32 {main}


